<?xml version="1.0" encoding="UTF-8"?>
<!-- Generated by org.testng.reporters.JUnitXMLReporter -->
<testsuite ignored="0" hostname="PRATIKRAMARAVKAR" failures="0" tests="2" name="Default test" time="8.989" errors="0" timestamp="2025-08-04T13:28:35 IST">
  <testcase classname="rahulshettyacademy.Tests.ErrorValidation" name="ErrorValidationTest" time="0.473"/>
  <testcase classname="rahulshettyacademy.Tests.ErrorValidation" name="ProductErrorValidation" time="2.938"/>
</testsuite> <!-- Default test -->
