<?xml version="1.0" encoding="UTF-8"?>
<!-- Generated by org.testng.reporters.JUnitXMLReporter -->
<testsuite ignored="0" hostname="PRATIKRAMARAVKAR" failures="0" tests="3" name="Submit order Test" time="16.718" errors="0" timestamp="2025-07-31T17:24:28 IST">
  <testcase classname="rahulshettyacademy.Tests.SubmitOrderTest" name="submitOrder" time="4.527"/>
  <testcase classname="rahulshettyacademy.Tests.SubmitOrderTest" name="submitOrder" time="3.709"/>
  <testcase classname="rahulshettyacademy.Tests.SubmitOrderTest" name="SubmitOrderPage" time="0.695"/>
</testsuite> <!-- Submit order Test -->
