<?xml version="1.0" encoding="UTF-8"?>
<!-- Generated by org.testng.reporters.JUnitXMLReporter -->
<testsuite ignored="0" hostname="PRATIKRAMARAVKAR" failures="0" tests="2" name="Error Validation" time="30.188" errors="0" timestamp="2025-08-05T18:46:31 IST">
  <testcase classname="rahulshettyacademy.Tests.ErrorValidation" name="ErrorValidationTest" time="1.474"/>
  <testcase classname="rahulshettyacademy.Tests.ErrorValidation" name="ProductErrorValidation" time="4.023"/>
</testsuite> <!-- Error Validation -->
