<?xml version="1.0" encoding="UTF-8"?>
<!-- Generated by org.testng.reporters.JUnitXMLReporter -->
<testsuite ignored="1" hostname="PRATIKRAMARAVKAR" failures="0" tests="1" name="Error Validation(failed)" time="4.394" errors="0" timestamp="2025-08-04T13:30:07 IST">
  <testcase classname="rahulshettyacademy.Tests.ErrorValidation" name="ErrorValidationTest" time="0.518"/>
  <testcase classname="rahulshettyacademy.Tests.ErrorValidation" name="ProductErrorValidation" time="0.0">
    <ignored/>
  </testcase> <!-- ProductErrorValidation -->
</testsuite> <!-- Error Validation(failed) -->
