<?xml version="1.0" encoding="UTF-8"?>
<testng-results ignored="0" total="5" passed="5" failed="0" skipped="0">
  <reporter-output>
  </reporter-output>
  <suite started-at="2025-08-05T18:45:59 IST" name="Suite" finished-at="2025-08-05T18:46:39 IST" duration-ms="40029">
    <groups>
      <group name="parches">
        <method signature="SubmitOrderTest.submitOrder(java.util.HashMap)[pri:0, instance:rahulshettyacademy.Tests.SubmitOrderTest@2e8c1c9b]" name="submitOrder" class="rahulshettyacademy.Tests.SubmitOrderTest"/>
      </group> <!-- parches -->
    </groups>
    <test started-at="2025-08-05T18:45:59 IST" name="Error Validation" finished-at="2025-08-05T18:46:30 IST" duration-ms="30188">
      <class name="rahulshettyacademy.Tests.ErrorValidation">
        <test-method is-config="true" signature="launchApplication()[pri:0, instance:rahulshettyacademy.Tests.ErrorValidation@76494737]" started-at="2025-08-05T18:45:59 IST" name="launchApplication" finished-at="2025-08-05T18:46:20 IST" duration-ms="20169" status="PASS">
          <reporter-output>
          </reporter-output>
        </test-method> <!-- launchApplication -->
        <test-method signature="ErrorValidationTest()[pri:0, instance:rahulshettyacademy.Tests.ErrorValidation@76494737]" started-at="2025-08-05T18:46:20 IST" name="ErrorValidationTest" finished-at="2025-08-05T18:46:21 IST" duration-ms="1474" status="PASS">
          <reporter-output>
          </reporter-output>
        </test-method> <!-- ErrorValidationTest -->
        <test-method is-config="true" signature="TearDown()[pri:0, instance:rahulshettyacademy.Tests.ErrorValidation@76494737]" started-at="2025-08-05T18:46:21 IST" name="TearDown" finished-at="2025-08-05T18:46:22 IST" duration-ms="564" status="PASS">
          <reporter-output>
          </reporter-output>
        </test-method> <!-- TearDown -->
        <test-method is-config="true" signature="launchApplication()[pri:0, instance:rahulshettyacademy.Tests.ErrorValidation@76494737]" started-at="2025-08-05T18:46:22 IST" name="launchApplication" finished-at="2025-08-05T18:46:25 IST" duration-ms="3499" status="PASS">
          <reporter-output>
          </reporter-output>
        </test-method> <!-- launchApplication -->
        <test-method signature="ProductErrorValidation()[pri:0, instance:rahulshettyacademy.Tests.ErrorValidation@76494737]" started-at="2025-08-05T18:46:25 IST" name="ProductErrorValidation" finished-at="2025-08-05T18:46:29 IST" duration-ms="4023" status="PASS">
          <reporter-output>
          </reporter-output>
        </test-method> <!-- ProductErrorValidation -->
        <test-method is-config="true" signature="TearDown()[pri:0, instance:rahulshettyacademy.Tests.ErrorValidation@76494737]" started-at="2025-08-05T18:46:29 IST" name="TearDown" finished-at="2025-08-05T18:46:30 IST" duration-ms="363" status="PASS">
          <reporter-output>
          </reporter-output>
        </test-method> <!-- TearDown -->
      </class> <!-- rahulshettyacademy.Tests.ErrorValidation -->
    </test> <!-- Error Validation -->
    <test started-at="2025-08-05T18:45:59 IST" name="Submit order Test" finished-at="2025-08-05T18:46:39 IST" duration-ms="40029">
      <class name="rahulshettyacademy.Tests.SubmitOrderTest">
        <test-method is-config="true" signature="launchApplication()[pri:0, instance:rahulshettyacademy.Tests.SubmitOrderTest@2e8c1c9b]" started-at="2025-08-05T18:46:00 IST" name="launchApplication" finished-at="2025-08-05T18:46:20 IST" duration-ms="19745" status="PASS">
          <reporter-output>
          </reporter-output>
        </test-method> <!-- launchApplication -->
        <test-method signature="submitOrder(java.util.HashMap)[pri:0, instance:rahulshettyacademy.Tests.SubmitOrderTest@2e8c1c9b]" started-at="2025-08-05T18:46:20 IST" name="submitOrder" data-provider="getData" finished-at="2025-08-05T18:46:26 IST" duration-ms="6209" status="PASS">
          <params>
            <param index="0">
              <value>
                <![CDATA[{product=ZARA COAT 3, Email=pratika@gmail.com, Password=Pratik@45}]]>
              </value>
            </param>
          </params>
          <reporter-output>
          </reporter-output>
        </test-method> <!-- submitOrder -->
        <test-method is-config="true" signature="TearDown()[pri:0, instance:rahulshettyacademy.Tests.SubmitOrderTest@2e8c1c9b]" started-at="2025-08-05T18:46:26 IST" name="TearDown" finished-at="2025-08-05T18:46:26 IST" duration-ms="520" status="PASS">
          <reporter-output>
          </reporter-output>
        </test-method> <!-- TearDown -->
        <test-method is-config="true" signature="launchApplication()[pri:0, instance:rahulshettyacademy.Tests.SubmitOrderTest@2e8c1c9b]" started-at="2025-08-05T18:46:26 IST" name="launchApplication" finished-at="2025-08-05T18:46:31 IST" duration-ms="4439" status="PASS">
          <reporter-output>
          </reporter-output>
        </test-method> <!-- launchApplication -->
        <test-method signature="submitOrder(java.util.HashMap)[pri:0, instance:rahulshettyacademy.Tests.SubmitOrderTest@2e8c1c9b]" started-at="2025-08-05T18:46:31 IST" name="submitOrder" data-provider="getData" finished-at="2025-08-05T18:46:35 IST" duration-ms="4391" status="PASS">
          <params>
            <param index="0">
              <value>
                <![CDATA[{product=ADIDAS ORIGINAL, Email=atharvaa@gmail.com, Password=Atharva@22}]]>
              </value>
            </param>
          </params>
          <reporter-output>
          </reporter-output>
        </test-method> <!-- submitOrder -->
        <test-method is-config="true" signature="TearDown()[pri:0, instance:rahulshettyacademy.Tests.SubmitOrderTest@2e8c1c9b]" started-at="2025-08-05T18:46:35 IST" name="TearDown" finished-at="2025-08-05T18:46:35 IST" duration-ms="240" status="PASS">
          <reporter-output>
          </reporter-output>
        </test-method> <!-- TearDown -->
        <test-method is-config="true" signature="launchApplication()[pri:0, instance:rahulshettyacademy.Tests.SubmitOrderTest@2e8c1c9b]" started-at="2025-08-05T18:46:35 IST" name="launchApplication" finished-at="2025-08-05T18:46:37 IST" duration-ms="1468" status="PASS">
          <reporter-output>
          </reporter-output>
        </test-method> <!-- launchApplication -->
        <test-method signature="SubmitOrderPage()[pri:0, instance:rahulshettyacademy.Tests.SubmitOrderTest@2e8c1c9b]" started-at="2025-08-05T18:46:37 IST" name="SubmitOrderPage" finished-at="2025-08-05T18:46:39 IST" depends-on-methods="rahulshettyacademy.Tests.SubmitOrderTest.submitOrder" duration-ms="2144" status="PASS">
          <reporter-output>
          </reporter-output>
        </test-method> <!-- SubmitOrderPage -->
        <test-method is-config="true" signature="TearDown()[pri:0, instance:rahulshettyacademy.Tests.SubmitOrderTest@2e8c1c9b]" started-at="2025-08-05T18:46:39 IST" name="TearDown" finished-at="2025-08-05T18:46:39 IST" duration-ms="369" status="PASS">
          <reporter-output>
          </reporter-output>
        </test-method> <!-- TearDown -->
      </class> <!-- rahulshettyacademy.Tests.SubmitOrderTest -->
    </test> <!-- Submit order Test -->
  </suite> <!-- Suite -->
</testng-results>
