<?xml version="1.0" encoding="UTF-8"?>
<testng-results ignored="1" total="2" passed="1" failed="0" skipped="0">
  <reporter-output>
  </reporter-output>
  <suite started-at="2025-08-04T13:30:02 IST" name="Failed suite [Suite]" finished-at="2025-08-04T13:30:07 IST" duration-ms="4394">
    <groups>
    </groups>
    <test started-at="2025-08-04T13:30:02 IST" name="Error Validation(failed)" finished-at="2025-08-04T13:30:07 IST" duration-ms="4394">
      <class name="rahulshettyacademy.Tests.ErrorValidation">
        <test-method is-config="true" signature="launchApplication()[pri:0, instance:rahulshettyacademy.Tests.ErrorValidation@2235eaab]" started-at="2025-08-04T13:30:02 IST" name="launchApplication" finished-at="2025-08-04T13:30:06 IST" duration-ms="3682" status="PASS">
          <reporter-output>
          </reporter-output>
        </test-method> <!-- launchApplication -->
        <test-method signature="ErrorValidationTest()[pri:0, instance:rahulshettyacademy.Tests.ErrorValidation@2235eaab]" started-at="2025-08-04T13:30:06 IST" name="ErrorValidationTest" finished-at="2025-08-04T13:30:06 IST" duration-ms="518" status="PASS">
          <reporter-output>
          </reporter-output>
        </test-method> <!-- ErrorValidationTest -->
        <test-method is-config="true" signature="TearDown()[pri:0, instance:rahulshettyacademy.Tests.ErrorValidation@2235eaab]" started-at="2025-08-04T13:30:06 IST" name="TearDown" finished-at="2025-08-04T13:30:07 IST" duration-ms="142" status="PASS">
          <reporter-output>
          </reporter-output>
        </test-method> <!-- TearDown -->
      </class> <!-- rahulshettyacademy.Tests.ErrorValidation -->
    </test> <!-- Error Validation(failed) -->
  </suite> <!-- Failed suite [Suite] -->
</testng-results>
